2022-11-29 16:03:26 [info] Database connected successfully
2022-11-29 16:03:26 [info] App is running at port 8080
2022-11-29 16:04:10 [error] [NotFoundException] : API not found
2022-11-29 16:04:10 [http] ::1 POST /auth/2 500 84 - 2.777 ms
2022-11-29 16:04:55:n55 [info] Database connected successfully
2022-11-29 16:04:55:n55 [info] App is running at port 8080
2022-11-29 16:05:01:51 [info] Database connected successfully
2022-11-29 16:05:01:51 [info] App is running at port 8080
2022-11-29 16:05:09 [info] Database connected successfully
2022-11-29 16:05:09 [info] App is running at port 8080
2022-11-29 16:05:14 [info] Database connected successfully
2022-11-29 16:05:14 [info] App is running at port 8080
2022-11-29 16:11:28 [info] Database connected successfully
2022-11-29 16:11:28 [info] App is running at port 8080
2022-11-29 16:13:24 [info] Database connected successfully
2022-11-29 16:13:24 [info] App is running at port 8080
2022-11-29 16:13:26 [error] [NotFoundException] : API not found
2022-11-29 16:13:26 [http] ::1 POST /auth/2 500 84 - 2.823 ms
2022-11-29 16:13:32 [sql] [SELECT * FROM users u where u.username = ?] => Binding => [honem223]
2022-11-29 16:13:33 [http] ::1 POST /auth 200 79 - 164.516 ms
2022-11-29 16:14:08 [info] Database connected successfully
2022-11-29 16:14:08 [info] App is running at port 8080
2022-11-29 16:16:03 [http] ::1 GET /auth/info 200 22 - 22.621 ms
2022-11-29 16:16:49 [http] ::1 GET /auth/info 200 22 - 4.057 ms
2022-11-29 16:16:52 [http] ::1 GET /auth/info 200 22 - 2.902 ms
2022-11-29 16:17:09 [info] Database connected successfully
2022-11-29 16:17:09 [info] App is running at port 8080
2022-11-29 16:17:12 [http] ::1 GET /auth/info 200 22 - 20.813 ms
2022-11-29 16:17:29 [error] [NotFoundException] : API not found
2022-11-29 16:17:29 [http] ::1 POST /auth/info 500 84 - 1.866 ms
2022-11-29 16:17:38 [error] [AuthException] : Not allowed to access this source
2022-11-29 16:17:38 [http] ::1 POST /files 403 100 - 1.263 ms
2022-11-29 16:17:51 [sql] [SELECT * FROM users u where u.username = ?] => Binding => [honem223]
2022-11-29 16:17:52 [http] ::1 POST /auth 200 79 - 146.662 ms
2022-11-29 16:17:54 [error] [AuthException] : Not allowed to access this source
2022-11-29 16:17:54 [http] ::1 POST /files 403 100 - 0.593 ms
2022-11-29 16:18:01 [info] Database connected successfully
2022-11-29 16:18:01 [info] App is running at port 8080
2022-11-29 16:18:03 [error] [FileUploadException] : File too large
2022-11-29 16:18:03 [http] ::1 POST /files 500 87 - 361.053 ms
2022-11-29 16:18:13 [http] ::1 POST /files 200 358 - 2.880 ms
2022-11-29 16:22:48 [info] Database connected successfully
2022-11-29 16:22:49 [info] App is running at port 8080
2022-11-29 16:23:52 [info] Database connected successfully
2022-11-29 16:23:52 [info] App is running at port 8080
2022-11-29 16:23:54 [error] [Error] : ENOENT: no such file or directory, stat 'D:\Study\mysql2\src\routes\storage\uploads\1669694518674-Trần-Văn-Thanh_ReactJS-Developer.pdf'
2022-11-29 16:23:54 [http] ::1 GET /files 404 204 - 4.708 ms
2022-11-29 16:24:38 [info] Database connected successfully
2022-11-29 16:24:38 [info] App is running at port 8080
2022-11-29 16:24:39 [error] [Error] : ENOENT: no such file or directory, stat 'D:\Study\D:\Study\mysql2\src\routes\storage\uploads\1669694518674-Trần-Văn-Thanh_ReactJS-Developer.pdf'
2022-11-29 16:24:39 [http] ::1 GET /files 404 215 - 4.619 ms
2022-11-29 16:25:00 [info] Database connected successfully
2022-11-29 16:25:00 [info] App is running at port 8080
2022-11-29 16:25:01 [error] [Error] : ENOENT: no such file or directory, stat 'D:\storage\uploads\1669694518674-Trần-Văn-Thanh_ReactJS-Developer.pdf'
2022-11-29 16:25:01 [http] ::1 GET /files 404 176 - 4.825 ms
2022-11-29 16:25:06 [info] Database connected successfully
2022-11-29 16:25:07 [info] App is running at port 8080
2022-11-29 16:25:08 [error] [Error] : ENOENT: no such file or directory, stat 'D:\Study\storage\uploads\1669694518674-Trần-Văn-Thanh_ReactJS-Developer.pdf'
2022-11-29 16:25:08 [http] ::1 GET /files 404 183 - 4.418 ms
2022-11-29 16:25:18 [info] Database connected successfully
2022-11-29 16:25:18 [info] App is running at port 8080
2022-11-29 16:25:19 [http] ::1 GET /files 200 149585 - 4.933 ms
2022-11-29 16:45:20 [info] Database connected successfully
2022-11-29 16:45:20 [info] App is running at port 3000
2022-11-29 16:47:40 [info] Database connected successfully
2022-11-29 16:47:40 [info] App is running at port 3000
2022-11-29 16:48:19 [error] [CorsException] : Origin not allowed
2022-11-29 16:48:41 [error] [CorsException] : Origin not allowed
2022-11-29 16:48:45 [info] Database connected successfully
2022-11-29 16:48:45 [info] App is running at port 8080
2022-11-29 16:48:52 [error] Can not transaction. Need to rollback for exception: Cannot read properties of undefined (reading 'forEach')
2022-11-29 16:48:52 [error] [TypeError] : Cannot read properties of undefined (reading 'forEach')
2022-11-29 16:48:52 [http] ::1 GET /users 500 118 - 20.236 ms
2022-11-29 16:49:06 [error] Can not transaction. Need to rollback for exception: fields.forEach is not a function
2022-11-29 16:49:06 [error] [TypeError] : fields.forEach is not a function
2022-11-29 16:49:06 [http] ::1 GET /users?fields=id 500 95 - 2.480 ms
2022-11-29 16:49:25 [info] Database connected successfully
2022-11-29 16:49:25 [info] App is running at port 8080
2022-11-29 16:49:27 [error] Can not transaction. Need to rollback for exception: fields.forEach is not a function
2022-11-29 16:49:27 [error] [TypeError] : fields.forEach is not a function
2022-11-29 16:49:27 [http] ::1 GET /users?fields=id 500 95 - 24.150 ms
2022-11-29 16:49:32 [info] Database connected successfully
2022-11-29 16:49:32 [info] App is running at port 8080
2022-11-29 16:49:33 [error] Can not transaction. Need to rollback for exception: fields.forEach is not a function
2022-11-29 16:49:33 [error] [TypeError] : fields.forEach is not a function
2022-11-29 16:49:33 [http] ::1 GET /users?fields=id 500 95 - 23.436 ms
2022-11-29 16:50:04 [info] Database connected successfully
2022-11-29 16:50:04 [info] App is running at port 8080
2022-11-29 16:50:05 [error] Can not transaction. Need to rollback for exception: You have an error in your SQL syntax; check the manual that corresponds to your MySQL server version for the right syntax to use near 'null
                                 FROM user u
                              ' at line 1
2022-11-29 16:50:05 [error] [Error] : You have an error in your SQL syntax; check the manual that corresponds to your MySQL server version for the right syntax to use near 'null
                                 FROM user u
                              ' at line 1
2022-11-29 16:50:05 [http] ::1 GET /users?fields=id 500 287 - 20.420 ms
2022-11-29 16:51:09 [error] Can not transaction. Need to rollback for exception: You have an error in your SQL syntax; check the manual that corresponds to your MySQL server version for the right syntax to use near 'null
                                 FROM user u
                              ' at line 1
2022-11-29 16:51:09 [error] [Error] : You have an error in your SQL syntax; check the manual that corresponds to your MySQL server version for the right syntax to use near 'null
                                 FROM user u
                              ' at line 1
2022-11-29 16:51:09 [http] ::1 GET /users?fields=id 500 287 - 3.103 ms
2022-11-29 16:51:22 [error] Can not transaction. Need to rollback for exception: You have an error in your SQL syntax; check the manual that corresponds to your MySQL server version for the right syntax to use near 'null
                                 FROM user u
                              ' at line 1
2022-11-29 16:51:22 [error] [Error] : You have an error in your SQL syntax; check the manual that corresponds to your MySQL server version for the right syntax to use near 'null
                                 FROM user u
                              ' at line 1
2022-11-29 16:51:22 [http] ::1 GET /users?fields=id&page=1&limit=1 500 287 - 2.847 ms
2022-11-29 16:53:02 [info] Database connected successfully
2022-11-29 16:53:02 [info] App is running at port 8080
2022-11-29 16:53:05 [error] [Error] : You have an error in your SQL syntax; check the manual that corresponds to your MySQL server version for the right syntax to use near 'null
                                 FROM user u
                              ' at line 1
2022-11-29 16:53:05 [http] ::1 GET /users?fields=id&page=1&limit=1 500 287 - 18.698 ms
2022-11-29 16:53:47 [info] Database connected successfully
2022-11-29 16:53:47 [info] App is running at port 8080
2022-11-29 16:53:49 [error] [Error] : You have an error in your SQL syntax; check the manual that corresponds to your MySQL server version for the right syntax to use near '? limit ?
                                 offset ?' at line 3
2022-11-29 16:53:49 [http] ::1 GET /users?fields=id&page=1&limit=1 500 257 - 19.489 ms
2022-11-29 16:54:03 [info] Database connected successfully
2022-11-29 16:54:03 [info] App is running at port 8080
2022-11-29 16:54:04 [error] [Error] : You have an error in your SQL syntax; check the manual that corresponds to your MySQL server version for the right syntax to use near '? limit ?
                                 offset ?' at line 3
2022-11-29 16:54:04 [http] ::1 GET /users?fields=id&page=1&limit=1 500 257 - 19.972 ms
2022-11-29 16:54:38 [info] Database connected successfully
2022-11-29 16:54:38 [info] App is running at port 8080
2022-11-29 16:54:40 [error] [Error] : You have an error in your SQL syntax; check the manual that corresponds to your MySQL server version for the right syntax to use near '? limit ?
                                 offset ?' at line 3
2022-11-29 16:54:40 [http] ::1 GET /users?fields=id&page=1&limit=1 500 257 - 18.660 ms
2022-11-29 16:54:54 [info] Database connected successfully
2022-11-29 16:54:54 [info] App is running at port 8080
2022-11-29 16:54:55 [error] [Error] : You have an error in your SQL syntax; check the manual that corresponds to your MySQL server version for the right syntax to use near '? limit ?
                                 offset ?' at line 3
2022-11-29 16:54:55 [http] ::1 GET /users?fields=id&page=1&limit=1 500 257 - 19.454 ms
2022-11-29 16:56:07 [info] Database connected successfully
2022-11-29 16:56:08 [info] App is running at port 8080
2022-11-29 16:56:09 [error] [Error] : You have an error in your SQL syntax; check the manual that corresponds to your MySQL server version for the right syntax to use near '? limit ?
                                 offset ?' at line 3
2022-11-29 16:56:09 [http] ::1 GET /users?fields=id&page=1&limit=1 500 257 - 17.779 ms
2022-11-29 16:56:48 [info] Database connected successfully
2022-11-29 16:56:48 [info] App is running at port 8080
2022-11-29 16:56:50 [error] [TypeError] : Cannot read properties of undefined (reading 'replaceAll')
2022-11-29 16:56:50 [http] ::1 GET /users?fields=id&page=1&limit=1 500 121 - 17.829 ms
2022-11-29 16:57:23 [info] Database connected successfully
2022-11-29 16:57:23 [info] App is running at port 8080
2022-11-29 16:57:25 [error] [TypeError] : Cannot read properties of undefined (reading 'replaceAll')
2022-11-29 16:57:25 [http] ::1 GET /users?fields=id&page=1&limit=1 500 121 - 17.927 ms
2022-11-29 16:58:03 [info] Database connected successfully
2022-11-29 16:58:03 [info] App is running at port 8080
2022-11-29 16:58:04 [sql] [SELECT null as 'id' FROM users u where u.username like ? limit ? offset ?] => Binding => [undefined]
2022-11-29 16:58:04 [error] [Error] : You have an error in your SQL syntax; check the manual that corresponds to your MySQL server version for the right syntax to use near '? limit ?
                                 offset ?' at line 3
2022-11-29 16:58:04 [http] ::1 GET /users?fields=id&page=1&limit=1 500 257 - 19.609 ms
2022-11-29 16:58:24 [info] Database connected successfully
2022-11-29 16:58:24 [info] App is running at port 8080
2022-11-29 16:58:27 [error] [TypeError] : params.replaceAll is not a function
2022-11-29 16:58:27 [http] ::1 GET /users?fields=id&page=1&limit=1 500 98 - 17.313 ms
2022-11-29 16:58:36 [info] Database connected successfully
2022-11-29 16:58:36 [info] App is running at port 8080
2022-11-29 16:58:37 [error] [TypeError] : params.replaceAll is not a function
2022-11-29 16:58:37 [http] ::1 GET /users?fields=id&page=1&limit=1 500 98 - 25.930 ms
2022-11-29 16:59:20 [info] Database connected successfully
2022-11-29 16:59:20 [info] App is running at port 8080
2022-11-29 16:59:22 [sql] [SELECT null as 'id' FROM users u where u.username like ? limit ? offset ?] => Binding => [%%,1,1
2022-11-29 16:59:22 [error] [TypeError] : The first argument must be of type string or an instance of Buffer, ArrayBuffer, or Array or an Array-like Object. Received undefined
2022-11-29 16:59:22 [http] ::1 GET /users?fields=id&page=1&limit=1 500 196 - 20.317 ms
2022-11-29 16:59:58 [info] Database connected successfully
2022-11-29 16:59:58 [info] App is running at port 8080
2022-11-29 16:59:59 [sql] [SELECT null as 'id' FROM users u where u.username like ? limit ? offset ?] => Binding => [%%, 1, 1
2022-11-29 16:59:59 [error] [TypeError] : The first argument must be of type string or an instance of Buffer, ArrayBuffer, or Array or an Array-like Object. Received undefined
2022-11-29 16:59:59 [http] ::1 GET /users?fields=id&page=1&limit=1 500 196 - 20.432 ms
2022-11-29 17:00:29 [info] Database connected successfully
2022-11-29 17:00:29 [info] App is running at port 8080
2022-11-29 17:00:31 [sql] [SELECT null as 'id' FROM users u where u.username like ? limit ? offset ?] => Binding => [%%, 1, 1]
2022-11-29 17:00:31 [error] [TypeError] : The first argument must be of type string or an instance of Buffer, ArrayBuffer, or Array or an Array-like Object. Received undefined
2022-11-29 17:00:31 [http] ::1 GET /users?fields=id&page=1&limit=1 500 196 - 19.391 ms
2022-11-29 17:01:02 [info] Database connected successfully
2022-11-29 17:01:02 [info] App is running at port 8080
2022-11-29 17:01:03 [sql] [SELECT null as 'id' FROM users u where u.username like ? limit ? offset ?] => Binding => [%''%, 1, 1]
2022-11-29 17:01:03 [error] [TypeError] : The first argument must be of type string or an instance of Buffer, ArrayBuffer, or Array or an Array-like Object. Received undefined
2022-11-29 17:01:03 [http] ::1 GET /users?fields=id&page=1&limit=1 500 196 - 20.601 ms
2022-11-29 17:01:11 [info] Database connected successfully
2022-11-29 17:01:11 [info] App is running at port 8080
2022-11-29 17:01:21 [sql] [SELECT email as email FROM users u where u.username like ? limit ? offset ?] => Binding => [%%, 1, 1]
2022-11-29 17:01:21 [error] [TypeError] : The first argument must be of type string or an instance of Buffer, ArrayBuffer, or Array or an Array-like Object. Received undefined
2022-11-29 17:01:21 [http] ::1 GET /users?fields=email&page=1&limit=1 500 196 - 20.002 ms
2022-11-29 17:01:40 [info] Database connected successfully
2022-11-29 17:01:40 [info] App is running at port 8080
2022-11-29 17:01:42 [sql] [SELECT email as email FROM users u where u.username like ? limit ? offset ?] => Binding => [%honem223%, 1, 1]
2022-11-29 17:01:42 [error] [TypeError] : The first argument must be of type string or an instance of Buffer, ArrayBuffer, or Array or an Array-like Object. Received undefined
2022-11-29 17:01:42 [http] ::1 GET /users?fields=email&page=1&limit=1 500 196 - 19.231 ms
2022-11-29 17:02:40 [info] Database connected successfully
2022-11-29 17:02:40 [info] App is running at port 8080
2022-11-29 17:02:42 [sql] [SELECT email as email FROM users u where u.username like ? limit ? offset ?] => Binding => ['%honem223%', 1, 1]
2022-11-29 17:02:42 [error] [TypeError] : The first argument must be of type string or an instance of Buffer, ArrayBuffer, or Array or an Array-like Object. Received undefined
2022-11-29 17:02:42 [http] ::1 GET /users?fields=email&page=1&limit=1 500 196 - 19.135 ms
2022-11-29 17:04:06 [info] Database connected successfully
2022-11-29 17:04:06 [info] App is running at port 8080
2022-11-29 17:04:09 [sql] [SELECT email as email FROM users u where u.username like ? limit ? offset ?] => Binding => ['%honem223%', 1, 1]
2022-11-29 17:04:09 [error] [Error] : You have an error in your SQL syntax; check the manual that corresponds to your MySQL server version for the right syntax to use near ''1'
                                 offset 1' at line 3
2022-11-29 17:04:09 [http] ::1 GET /users?fields=email&page=1&limit=1 500 251 - 19.738 ms
2022-11-29 17:04:25 [info] Database connected successfully
2022-11-29 17:04:25 [info] App is running at port 8080
2022-11-29 17:04:27 [error] [TypeError] : params[1].join is not a function
2022-11-29 17:04:27 [http] ::1 GET /users?fields=email&page=1&limit=1 500 95 - 17.520 ms
2022-11-29 17:05:15 [info] Database connected successfully
2022-11-29 17:05:15 [info] App is running at port 8080
2022-11-29 17:05:17 [error] [TypeError] : Cannot read properties of undefined (reading 'replaceAll')
2022-11-29 17:05:17 [http] ::1 GET /users?fields=email&page=1&limit=1 500 121 - 17.571 ms
2022-11-29 17:05:23 [info] Database connected successfully
2022-11-29 17:05:24 [info] App is running at port 8080
2022-11-29 17:05:25 [error] [TypeError] : Cannot read properties of undefined (reading 'replaceAll')
2022-11-29 17:05:25 [http] ::1 GET /users?fields=email&page=1&limit=1 500 121 - 17.995 ms
2022-11-29 17:05:33 [info] Database connected successfully
2022-11-29 17:05:33 [info] App is running at port 8080
2022-11-29 17:05:34 [error] [TypeError] : Cannot read properties of undefined (reading 'replaceAll')
2022-11-29 17:05:34 [http] ::1 GET /users?fields=email&page=1&limit=1 500 121 - 17.508 ms
2022-11-29 17:05:43 [info] Database connected successfully
2022-11-29 17:05:43 [info] App is running at port 8080
2022-11-29 17:05:45 [error] [TypeError] : Cannot read properties of undefined (reading 'replaceAll')
2022-11-29 17:05:45 [http] ::1 GET /users?fields=email&page=1&limit=1 500 121 - 19.105 ms
2022-11-29 17:06:17 [info] Database connected successfully
2022-11-29 17:06:17 [info] App is running at port 8080
2022-11-29 17:06:18 [error] [TypeError] : query.replaceAll is not a function
2022-11-29 17:06:18 [http] ::1 GET /users?fields=email&page=1&limit=1 500 97 - 21.076 ms
2022-11-29 17:06:30 [info] Database connected successfully
2022-11-29 17:06:31 [info] App is running at port 8080
2022-11-29 17:06:32 [error] [TypeError] : query.replaceAll is not a function
2022-11-29 17:06:32 [http] ::1 GET /users?fields=email&page=1&limit=1 500 97 - 24.868 ms
2022-11-29 17:07:01 [info] Database connected successfully
2022-11-29 17:07:01 [info] App is running at port 8080
2022-11-29 17:07:46 [info] Database connected successfully
2022-11-29 17:07:46 [info] App is running at port 8080
2022-11-29 17:07:48 [error] [TypeError] : params[1].values.join is not a function
2022-11-29 17:07:48 [http] ::1 GET /users?fields=email&page=1&limit=1 500 102 - 17.521 ms
